<?xml version="1.0" encoding="UTF-8"?>
<testsuite name="tourGuide.TestPerformance" tests="1" skipped="0" failures="0" errors="0" timestamp="2022-12-10T10:30:56" hostname="DESKTOP-3DNGVDD" time="1.374">
  <properties/>
  <testcase name="highVolumeGetRewards" classname="tourGuide.TestPerformance" time="1.374"/>
  <system-out><![CDATA[11:30:57.029 [Test worker] INFO tourGuide.service.TourGuideService - TestMode enabled
11:30:57.042 [Test worker] DEBUG tourGuide.service.TourGuideService - Initializing users
11:30:57.168 [Test worker] DEBUG tourGuide.service.TourGuideService - Created 100 internal test users.
11:30:57.169 [Test worker] DEBUG tourGuide.service.TourGuideService - Finished initializing users
11:30:57.178 [pool-1-thread-1] DEBUG tourGuide.tracker.Tracker - Begin Tracker. Tracking 100 users.
highVolumeGetRewards: Time Elapsed: 1 seconds.
]]></system-out>
  <system-err><![CDATA[Dec 10, 2022 11:30:57 AM org.javamoney.moneta.DefaultMonetaryContextFactory createMonetaryContextNonNullConfig
INFO: Using custom MathContext: precision=256, roundingMode=HALF_EVEN
]]></system-err>
</testsuite>
