<?xml version="1.0" encoding="UTF-8"?>
<testsuite name="tourGuide.TestPerformance" tests="2" skipped="0" failures="0" errors="0" timestamp="2022-12-10T13:14:17" hostname="DESKTOP-3DNGVDD" time="2.271">
  <properties/>
  <testcase name="highVolumeTrackLocation" classname="tourGuide.TestPerformance" time="1.194"/>
  <testcase name="highVolumeGetRewards" classname="tourGuide.TestPerformance" time="1.077"/>
  <system-out><![CDATA[14:14:17.957 [Test worker] INFO tourGuide.service.TourGuideService - TestMode enabled
14:14:17.968 [Test worker] DEBUG tourGuide.service.TourGuideService - Initializing users
14:14:18.107 [Test worker] DEBUG tourGuide.service.TourGuideService - Created 100 internal test users.
14:14:18.107 [Test worker] DEBUG tourGuide.service.TourGuideService - Finished initializing users
14:14:18.116 [pool-1-thread-1] DEBUG tourGuide.tracker.Tracker - Begin Tracker. Tracking 100 users.
highVolumeTrackLocation: Time Elapsed: 0 seconds.
14:14:19.010 [Test worker] INFO tourGuide.service.TourGuideService - TestMode enabled
14:14:19.010 [Test worker] DEBUG tourGuide.service.TourGuideService - Initializing users
14:14:19.023 [Test worker] DEBUG tourGuide.service.TourGuideService - Created 100 internal test users.
14:14:19.023 [Test worker] DEBUG tourGuide.service.TourGuideService - Finished initializing users
14:14:19.024 [pool-2-thread-1] DEBUG tourGuide.tracker.Tracker - Begin Tracker. Tracking 100 users.
highVolumeGetRewards: Time Elapsed: 1 seconds.
]]></system-out>
  <system-err><![CDATA[Dec 10, 2022 2:14:18 PM org.javamoney.moneta.DefaultMonetaryContextFactory createMonetaryContextNonNullConfig
INFO: Using custom MathContext: precision=256, roundingMode=HALF_EVEN
]]></system-err>
</testsuite>
